  Determining projects to restore...
  All projects are up-to-date for restore.
  PolicyFramework.Core -> E:\Sources\repos\SamSoft.PolicyFramework\ErpPolicyFramework\src\PolicyFramework.Core\bin\Debug\net8.0\PolicyFramework.Core.dll
  PolicyFramework.Modules.Inventory -> E:\Sources\repos\SamSoft.PolicyFramework\ErpPolicyFramework\src\PolicyFramework.Modules.Inventory\bin\Debug\net8.0\PolicyFramework.Modules.Inventory.dll
  PolicyFramework.Modules.Posting -> E:\Sources\repos\SamSoft.PolicyFramework\ErpPolicyFramework\src\PolicyFramework.Modules.Posting\bin\Debug\net8.0\PolicyFramework.Modules.Posting.dll
  PolicyFramework.Modules.Accounting -> E:\Sources\repos\SamSoft.PolicyFramework\ErpPolicyFramework\src\PolicyFramework.Modules.Accounting\bin\Debug\net8.0\PolicyFramework.Modules.Accounting.dll
E:\Sources\repos\SamSoft.PolicyFramework\ErpPolicyFramework\tests\PolicyFramework.Tests\Core\DependencyInjectionTests.cs(152,54): error CS9035: Required member 'AccountAssignmentContext.CreditLimit' must be set in the object initializer or attribute constructor. [E:\Sources\repos\SamSoft.PolicyFramework\ErpPolicyFramework\tests\PolicyFramework.Tests\PolicyFramework.Tests.csproj]
E:\Sources\repos\SamSoft.PolicyFramework\ErpPolicyFramework\tests\PolicyFramework.Tests\Core\DependencyInjectionTests.cs(152,54): error CS9035: Required member 'AccountAssignmentContext.CurrentBalance' must be set in the object initializer or attribute constructor. [E:\Sources\repos\SamSoft.PolicyFramework\ErpPolicyFramework\tests\PolicyFramework.Tests\PolicyFramework.Tests.csproj]

Build FAILED.

E:\Sources\repos\SamSoft.PolicyFramework\ErpPolicyFramework\tests\PolicyFramework.Tests\Core\DependencyInjectionTests.cs(152,54): error CS9035: Required member 'AccountAssignmentContext.CreditLimit' must be set in the object initializer or attribute constructor. [E:\Sources\repos\SamSoft.PolicyFramework\ErpPolicyFramework\tests\PolicyFramework.Tests\PolicyFramework.Tests.csproj]
E:\Sources\repos\SamSoft.PolicyFramework\ErpPolicyFramework\tests\PolicyFramework.Tests\Core\DependencyInjectionTests.cs(152,54): error CS9035: Required member 'AccountAssignmentContext.CurrentBalance' must be set in the object initializer or attribute constructor. [E:\Sources\repos\SamSoft.PolicyFramework\ErpPolicyFramework\tests\PolicyFramework.Tests\PolicyFramework.Tests.csproj]
    0 Warning(s)
    2 Error(s)

Time Elapsed 00:00:02.51
